#
# A fatal error has been detected by the Java Runtime Environment:
#
#  EXCEPTION_ACCESS_VIOLATION (0xc0000005) at pc=0x6d8bd3a2, pid=6464, tid=8684
#
# JRE version: 6.0_29-b11
# Java VM: Java HotSpot(TM) Client VM (20.4-b02 mixed mode windows-x86 )
# Problematic frame:
# V  [jvm.dll+0x1d3a2]
#
# If you would like to submit a bug report, please visit:
#   http://java.sun.com/webapps/bugreport/crash.jsp
#

---------------  T H R E A D  ---------------

Current thread (0x01e3d400):  JavaThread "JDWP Transport Listener: dt_socket" daemon [_thread_in_vm, id=8684, stack(0x18a80000,0x18ad0000)]

siginfo: ExceptionCode=0xc0000005, reading address 0x00000004

Registers:
EAX=0x00000000, EBX=0x01e3d400, ECX=0x00000000, EDX=0x00000000
ESP=0x18acfa54, EBP=0x18acfa58, ESI=0x00000010, EDI=0x04689b78
EIP=0x6d8bd3a2, EFLAGS=0x00010246

Top of Stack: (sp=0x18acfa54)
0x18acfa54:   01e3d528 18acfa80 6d9332d2 04689b78
0x18acfa64:   6d43e10c 01e3d528 6d43e124 01e3d400
0x18acfa74:   00000000 01e3d528 18acfc54 6d43e94c
0x18acfa84:   6d4262bd 01e3d528 01e333b8 00000000
0x18acfa94:   18acfab8 18acfc54 6d442b0a 18acfc54
0x18acfaa4:   01e333b8 18acfc24 6d42ba32 18acfc24
0x18acfab4:   18acfac4 6d43e840 6d2b4014 6d442be0
0x18acfac4:   18acfaf4 0000012c 18acfad0 00000000 

Instructions: (pc=0x6d8bd3a2)
0x6d8bd382:   ec 8b 45 08 8b 0d 0c 27 b1 6d 8b 15 08 27 b1 6d
0x6d8bd392:   8b 0c 01 8b 14 02 56 8b 35 04 27 b1 6d 8b 04 06
0x6d8bd3a2:   8b 71 04 8b 76 0c 81 e6 00 ff 00 00 81 fe 00 05
0x6d8bd3b2:   00 00 5e 75 20 85 c0 75 0e 33 c9 50 51 e8 5c 46 


Register to memory mapping:

EAX=0x00000000 is an unknown value
EBX=0x01e3d400 is a thread
ECX=0x00000000 is an unknown value
EDX=0x00000000 is an unknown value
ESP=0x18acfa54 is pointing into the stack for thread: 0x01e3d400
EBP=0x18acfa58 is pointing into the stack for thread: 0x01e3d400
ESI=0x00000010 is an unknown value
EDI=
[error occurred during error reporting (printing register info), id 0xc0000005]

Stack: [0x18a80000,0x18ad0000],  sp=0x18acfa54,  free space=318k
Native frames: (J=compiled Java code, j=interpreted, Vv=VM code, C=native code)
V  [jvm.dll+0x1d3a2]
V  [jvm.dll+0x932d2]


---------------  P R O C E S S  ---------------

Java Threads: ( => current thread )
  0x18f4d000 JavaThread "Abandoned connection cleanup thread" daemon [_thread_blocked, id=6400, stack(0x190b0000,0x19100000)]
  0x01e5d000 JavaThread "Low Memory Detector" daemon [_thread_blocked, id=3600, stack(0x18d90000,0x18de0000)]
  0x01e50000 JavaThread "C1 CompilerThread0" daemon [_thread_blocked, id=3508, stack(0x18d00000,0x18d50000)]
  0x01e40000 JavaThread "JDWP Command Reader" daemon [_thread_in_native, id=6244, stack(0x18c70000,0x18cc0000)]
  0x01e3f000 JavaThread "JDWP Event Helper Thread" daemon [_thread_blocked, id=6672, stack(0x18b70000,0x18bc0000)]
=>0x01e3d400 JavaThread "JDWP Transport Listener: dt_socket" daemon [_thread_in_vm, id=8684, stack(0x18a80000,0x18ad0000)]
  0x01e30000 JavaThread "Attach Listener" daemon [_thread_blocked, id=4468, stack(0x188d0000,0x18920000)]
  0x01e2d000 JavaThread "Signal Dispatcher" daemon [_thread_blocked, id=1584, stack(0x18840000,0x18890000)]
  0x01e00000 JavaThread "Finalizer" daemon [_thread_blocked, id=7768, stack(0x187b0000,0x18800000)]
  0x01dfe800 JavaThread "Reference Handler" daemon [_thread_blocked, id=2380, stack(0x18720000,0x18770000)]
  0x00349c00 JavaThread "main" [_thread_blocked, id=5276, stack(0x002b0000,0x00300000)]

Other Threads:
  0x01dfb000 VMThread [stack: 0x18690000,0x186e0000] [id=2412]
  0x01e5e000 WatcherThread [stack: 0x18e20000,0x18e70000] [id=9580]

VM state:not at safepoint (normal execution)

VM Mutex/Monitor currently owned by a thread: None

Heap
 def new generation   total 4928K, used 1184K [0x045f0000, 0x04b40000, 0x09b40000)
  eden space 4416K,  15% used [0x045f0000, 0x0469aa78, 0x04a40000)
  from space 512K,  98% used [0x04a40000, 0x04abd7a8, 0x04ac0000)
  to   space 512K,   0% used [0x04ac0000, 0x04ac0000, 0x04b40000)
 tenured generation   total 10944K, used 615K [0x09b40000, 0x0a5f0000, 0x145f0000)
   the space 10944K,   5% used [0x09b40000, 0x09bd9eb8, 0x09bda000, 0x0a5f0000)
 compacting perm gen  total 12288K, used 6206K [0x145f0000, 0x151f0000, 0x185f0000)
   the space 12288K,  50% used [0x145f0000, 0x14bff808, 0x14bffa00, 0x151f0000)
No shared spaces configured.

Code Cache  [0x025f0000, 0x026c0000, 0x045f0000)
 total_blobs=328 nmethods=190 adapters=82 free_code_cache=32709760 largest_free_block=0

Dynamic libraries:
0x00400000 - 0x00424000 	C:\Oracle\Middleware\jdk160_29\bin\javaw.exe
0x77350000 - 0x774d0000 	C:\Windows\SysWOW64\ntdll.dll
0x75d70000 - 0x75e80000 	C:\Windows\syswow64\kernel32.dll
0x75bc0000 - 0x75c07000 	C:\Windows\syswow64\KERNELBASE.dll
0x75490000 - 0x75530000 	C:\Windows\syswow64\ADVAPI32.dll
0x74e00000 - 0x74eac000 	C:\Windows\syswow64\msvcrt.dll
0x74fd0000 - 0x74fe9000 	C:\Windows\SysWOW64\sechost.dll
0x75980000 - 0x75a70000 	C:\Windows\syswow64\RPCRT4.dll
0x74da0000 - 0x74e00000 	C:\Windows\syswow64\SspiCli.dll
0x74d90000 - 0x74d9c000 	C:\Windows\syswow64\CRYPTBASE.dll
0x76e40000 - 0x76f40000 	C:\Windows\syswow64\USER32.dll
0x753c0000 - 0x75450000 	C:\Windows\syswow64\GDI32.dll
0x74fc0000 - 0x74fca000 	C:\Windows\syswow64\LPK.dll
0x75050000 - 0x750ed000 	C:\Windows\syswow64\USP10.dll
0x76bd0000 - 0x76c30000 	C:\Windows\system32\IMM32.DLL
0x75820000 - 0x758ec000 	C:\Windows\syswow64\MSCTF.dll
0x7c340000 - 0x7c396000 	C:\Oracle\Middleware\jdk160_29\jre\bin\msvcr71.dll
0x6d8a0000 - 0x6db4f000 	C:\Oracle\Middleware\jdk160_29\jre\bin\client\jvm.dll
0x74040000 - 0x74072000 	C:\Windows\system32\WINMM.dll
0x73cb0000 - 0x73cfc000 	C:\Windows\system32\apphelp.dll
0x6d850000 - 0x6d85c000 	C:\Oracle\Middleware\jdk160_29\jre\bin\verify.dll
0x6d3d0000 - 0x6d3ef000 	C:\Oracle\Middleware\jdk160_29\jre\bin\java.dll
0x6d420000 - 0x6d449000 	C:\Oracle\Middleware\jdk160_29\jre\bin\jdwp.dll
0x6d740000 - 0x6d746000 	C:\Oracle\Middleware\jdk160_29\jre\bin\npt.dll
0x6d890000 - 0x6d89f000 	C:\Oracle\Middleware\jdk160_29\jre\bin\zip.dll
0x6d2b0000 - 0x6d2b7000 	C:\Oracle\Middleware\jdk160_29\jre\bin\dt_socket.dll
0x75e80000 - 0x75eb5000 	C:\Windows\syswow64\WS2_32.dll
0x751c0000 - 0x751c6000 	C:\Windows\syswow64\NSI.dll
0x74b90000 - 0x74ba0000 	C:\Windows\system32\NLAapi.dll
0x74b80000 - 0x74b90000 	C:\Windows\system32\napinsp.dll
0x74b20000 - 0x74b32000 	C:\Windows\system32\pnrpnsp.dll
0x74ae0000 - 0x74b1c000 	C:\Windows\System32\mswsock.dll
0x749b0000 - 0x749f4000 	C:\Windows\system32\DNSAPI.dll
0x749a0000 - 0x749a8000 	C:\Windows\System32\winrnr.dll
0x74870000 - 0x7488c000 	C:\Windows\system32\IPHLPAPI.DLL
0x74860000 - 0x74867000 	C:\Windows\system32\WINNSI.DLL
0x74700000 - 0x74738000 	C:\Windows\System32\fwpuclnt.dll
0x74ad0000 - 0x74ad6000 	C:\Windows\system32\rasadhlp.dll
0x74b70000 - 0x74b75000 	C:\Windows\System32\wshtcpip.dll
0x6d6b0000 - 0x6d6c3000 	C:\Oracle\Middleware\jdk160_29\jre\bin\net.dll
0x71230000 - 0x71236000 	C:\Windows\System32\wship6.dll
0x76bc0000 - 0x76bc5000 	C:\Windows\system32\PSAPI.DLL

VM Arguments:
jvm_args: -agentlib:jdwp=transport=dt_socket,suspend=y,address=localhost:49661 -Dfile.encoding=Cp1252 
java_command: XQt in.xq sample.xml
Launcher Type: SUN_STANDARD

Environment Variables:
CLASSPATH=C:\javalib\antlr-4.0-complete.jar;C:\javalib\mysql-connector-java-5.1.25-bin.jar;
PATH=C:\Oracle\Middleware\jdk160_29\jre\bin;C:\Windows\system32;C:\Windows;C:\Windows\System32\Wbem;C:\Windows\System32\WindowsPowerShell\v1.0\;C:\Program Files\TortoiseSVN\bin;C:\Program Files (x86)\GnuWin32\bin;C:\Program Files (x86)\Google\Chrome\Application;C:\Program Files (x86)\Microsoft SQL Server\90\Tools\binn\;C:\Program Files\Microsoft\Web Platform Installer\;C:\Program Files (x86)\Microsoft SQL Server\100\Tools\Binn\;C:\Program Files\Microsoft SQL Server\100\Tools\Binn\;C:\Program Files\Microsoft SQL Server\100\DTS\Binn\;C:\Program Files (x86)\Microsoft SQL Server\100\Tools\Binn\VSShell\Common7\IDE\;C:\Program Files (x86)\Microsoft SQL Server\100\DTS\Binn\;C:\Program Files (x86)\JS Builder\;C:\Program Files\Java\jdk1.7.0_21\bin;C:\Users\310106778\Downloads\mysql-5.6.11-winx64\bin
USERNAME=310106778
OS=Windows_NT
PROCESSOR_IDENTIFIER=Intel64 Family 6 Model 23 Stepping 10, GenuineIntel



---------------  S Y S T E M  ---------------

OS: Windows 7 , 64 bit Build 7601 Service Pack 1

CPU:total 2 (2 cores per cpu, 1 threads per core) family 6 model 23 stepping 10, cmov, cx8, fxsr, mmx, sse, sse2, sse3, ssse3, sse4.1

Memory: 4k page, physical 3092080k(997024k free), swap 6772172k(1170508k free)

vm_info: Java HotSpot(TM) Client VM (20.4-b02) for windows-x86 JRE (1.6.0_29-b11), built on Oct  3 2011 01:01:08 by "java_re" with MS VC++ 7.1 (VS2003)

time: Mon Jul 15 10:20:33 2013
elapsed time: 158 seconds

